7327237 7328237 7329237 7330337 7331337 7332337 7333337
7258527 7257527 7256527 7255527 7254527 7253527 7252527 7251527
9706079 9705079 9704079 9703079 9702079 9701079 9700079 9699969 9698969 9697969 9696969 9695969 9694969 9693969
9494949 9495949 9496949 9497949 9498949 9499949
8364638 8365638 8366638 8367638 8368638 8369638 8370738 8371738 8372738 8373738 8374738
7132317 7131317 7130317 7129217 7128217 7127217 7126217 7125217 7124217 7123217 7122217 7121217 7120217 7119117
5993995 5994995 5995995 5996995 5997995 5998995 5999995 6000006 6001006 6002006 6003006 6004006 6005006 6006006 6007006 6008006 6009006 6010106 6011106
7957597 7956597 7955597 7954597 7953597 7952597 7951597 7950597 7949497 7948497 7947497 7946497 7945497 7944497 7943497 7942497 7941497 7940497 7939397
459654 460064 461164 462264 463364 464464 465564 466664 467764 468864 469964 470074 471174
1315131 1316131
8030308 8029208 8028208 8027208 8026208 8025208 8024208 8023208 8022208 8021208
7591957 7592957 7593957
127121 126021 124921 123821 122721 121621 119911 118811 117711
731437 732537 733637
4987894 4988894 4989894 4990994 4991994 4992994 4993994 4994994 4995994 4996994 4997994 4998994 4999994 5000005 5001005 5002005 5003005 5004005 5005005
2527252 2526252 2525252 2524252 2523252 2522252 2521252 2520252 2519152 2518152 2517152
7761677 7760677 7759577 7758577 7757577 7756577

9815189
4247424 4246424 4245424 4244424 4243424 4242424 4241424 4240424 4239324 4238324 4237324 4236324
1264621 1263621 1262621 1261621 1260621 1259521 1258521 1257521
4403044 4404044 4405044 4406044 4407044 4408044 4409044 4410144 4411144 4412144 4413144
1100011 1099901 1098901 1097901 1096901 1095901 1094901 1093901 1092901 1091901 1090901 1089801 1088801 1087801 1086801 1085801 1084801 1083801
3238323 3237323 3236323 3235323 3234323 3233323 3232323 3231323 3230323 3229223 3228223 3227223 3226223 3225223 3224223 3223223 3222223 3221223 3220223 3219123
1620261 1621261 1622261 1623261 1624261 1625261 1626261 1627261 1628261 1629261 1630361
7851587 7850587 7849487 7848487 7847487 7846487 7845487 7844487 7843487 7842487
8001008 8000008 7999997 7998997 7997997 7996997
967769 968869 969969 970079 971179 972279 973379
5835385 5834385 5833385 5832385 5831385 5830385 5829285 5828285 5827285 5826285 5825285 5824285 5823285 5822285 5821285 5820285
2610162 2611162 2612162 2613162 2614162 2615162 2616162 2617162 2618162
8891988 8890988 8889888 8888888 8887888 8886888 8885888 8884888 8883888 8882888 8881888 8880888 8879788 8878788 8877788
8988898 8989898 8990998 8991998 8992998 8993998 8994998 8995998 8996998 8997998 8998998 8999998

953659 954759 955859 956959 958059 959159 960069 961169
8524258 8525258
8150518
4339334 4338334 4337334 4336334 4335334 4334334 4333334 4332334 4331334
118011
6674766 6673766 6672766 6671766 6670766 6669666 6668666
222322 223422 224522 225622
9180819 9181819 9182819 9183819 9184819 9185819 9186819 9187819
2411142 2412142 2413142 2414142 2415142 2416142 2417142 2418142 2419142 2420242 2421242 2422242 2423242 2424242 2425242 2426242 2427242 2428242
4629264 4628264 4627264 4626264 4625264
3883883 3882883 3881883 3880883 3879783 3878783 3877783 3876783 3875783
7510157 7509057 7508057 7507057 7506057 7505057 7504057 7503057 7502057 7501057 7500057 7499947 7498947 7497947 7496947 7495947 7494947 7493947 7492947
4910194 4911194 4912194 4913194 4914194 4915194 4916194 4917194 4918194
7957597 7956597 7955597 7954597 7953597 7952597 7951597 7950597 7949497 7948497 7947497 7946497
8164618 8163618 8162618 8161618 8160618 8159518 8158518 8157518 8156518 8155518 8154518
7424247 7425247
4438344 4437344 4436344 4435344 4434344 4433344
6407046 6408046 6409046 6410146 6411146 6412146 6413146 6414146 6415146
3331333 3332333 3333333 3334333 3335333 3336333 3337333 3338333 3339333
3860683 3861683 3862683 3863683 3864683 3865683 3866683 3867683 3868683 3869683 3870783
7388837 7387837 7386837 7385837 7384837 7383837 7382837 7381837 7380837 7379737 7378737
6258526 6259526 6260626 6261626 6262626 6263626 6264626 6265626 6266626 6267626 6268626 6269626 6270726 6271726 6272726
961569 959959 958859 957759 956659 955559 954459 953359 952259 951159 950059 949949 948849 947749
9486849 9487849 9488849 9489849 9490949 9491949 9492949 9493949 9494949 9495949 9496949 9497949 9498949
9925299 9924299
7177717 7176717 7175717 7174717 7173717
1758571 1759571 1760671 1761671
1197911 1198911 1199911 1200021 1201021 1202021 1203021
7991997 7992997 7993997
8843488
5711175
4206024 4207024 4208024 4209024 4210124 4211124 4212124 4213124 4214124 4215124 4216124
9884889 9883889 9882889 9881889
2362632 2363632 2364632 2365632 2366632 2367632 2368632 2369632 2370732 2371732 2372732 2373732 2374732
1970791 1971791 1972791
6319136 6318136 6317136 6316136 6315136 6314136 6313136 6312136 6311136 6310136 6309036 6308036 6307036 6306036 6305036 6304036 6303036 6302036
9640469 9639369 9638369 9637369 9636369 9635369 9634369 9633369 9632369 9631369 9630369 9629269 9628269 9627269 9626269 9625269 9624269 9623269 9622269
5022205 5021205 5020205 5019105 5018105 5017105 5016105 5015105 5014105 5013105 5012105 5011105 5010105 5009005
619216 620026 621126 622226 623326 624426 625526 626626 627726 628826 629926 630036 631136 632236 633336 634436 635536
3985893 3986893 3987893 3988893
8618168 8619168 8620268 8621268 8622268 8623268 8624268 8625268 8626268
2859582
2287822 2288822 2289822 2290922 2291922 2292922 2293922 2294922 2295922 2296922 2297922 2298922 2299922 2300032 2301032 2302032 2303032 2304032
6742476 6743476 6744476 6745476 6746476 6747476 6748476 6749476 6750576 6751576 6752576 6753576 6754576 6755576 6756576 6757576 6758576 6759576
2768672 2769672 2770772 2771772 2772772 2773772 2774772 2775772 2776772 2777772 2778772 2779772 2780872 2781872
7462647 7461647 7460647 7459547 7458547
9329239 9330339 9331339 9332339 9333339 9334339 9335339 9336339 9337339 9338339 9339339 9340439 9341439 9342439
7813187 7814187 7815187 7816187 7817187 7818187 7819187 7820287 7821287 7822287 7823287 7824287 7825287 7826287
728127 727027 725927 724827 723727 722627 721527 719917 718817 717717 716617 715517 714417 713317 712217 711117 710017
3985893 3986893 3987893 3988893 3989893 3990993 3991993 3992993 3993993 3994993 3995993 3996993 3997993 3998993 3999993 4000004
4581854 4580854 4579754 4578754 4577754 4576754 4575754 4574754 4573754 4572754 4571754 4570754 4569654 4568654 4567654 4566654 4565654 4564654
2504052 2503052
3227223 3228223 3229223 3230323 3231323 3232323
88788 88688 88588 88488 88388 88288 88188 88088 87978 87878 87778 87678 87578 87478 87378
2341432 2340432 2339332 2338332 2337332 2336332 2335332 2334332 2333332 2332332 2331332 2330332 2329232 2328232 2327232 2326232 2325232 2324232 2323232 2322232
5517155 5518155 5519155 5520255 5521255 5522255 5523255 5524255 5525255 5526255 5527255 5528255
6333336 6334336 6335336 6336336 6337336 6338336 6339336 6340436 6341436 6342436 6343436 6344436 6345436 6346436
8691968 8690968 8689868 8688868 8687868 8686868 8685868 8684868 8683868 8682868 8681868 8680868 8679768 8678768 8677768 8676768 8675768
8731378 8732378 8733378 8734378 8735378
2158512 2159512 2160612 2161612 2162612 2163612 2164612 2165612 2166612 2167612 2168612 2169612 2170712
8329238 8328238 8327238 8326238 8325238 8324238 8323238 8322238 8321238 8320238 8319138 8318138 8317138 8316138 8315138
4423244 4422244 4421244 4420244 4419144 4418144 4417144 4416144 4415144 4414144 4413144 4412144 4411144 4410144 4409044 4408044 4407044 4406044
3217123 3216123 3215123 3214123 3213123 3212123 3211123 3210123 3209023 3208023 3207023 3206023 3205023
6926296 6925296 6924296 6923296 6922296 6921296 6920296 6919196 6918196 6917196 6916196

2331332 2332332 2333332 2334332 2335332 2336332 2337332 2338332 2339332 2340432 2341432 2342432 2343432 2344432 2345432 2346432 2347432 2348432
1954591 1953591 1952591 1951591 1950591 1949491 1948491 1947491 1946491 1945491 1944491
